<?xml version="1.0" encoding="UTF-8"?>
<testng-results skipped="0" failed="0" ignored="0" total="1" passed="1">
  <reporter-output>
  </reporter-output>
  <suite name="Default suite" duration-ms="12244" started-at="2020-03-09T15:54:29 PDT" finished-at="2020-03-09T15:54:42 PDT">
    <groups>
    </groups>
    <test name="Default test" duration-ms="12244" started-at="2020-03-09T15:54:29 PDT" finished-at="2020-03-09T15:54:42 PDT">
      <class name="sample.InitializeDriver">
        <test-method status="PASS" signature="BrowserInitialize()[pri:0, instance:sample.InitializeDriver@31610302]" name="BrowserInitialize" duration-ms="12185" started-at="2020-03-09T15:54:29 PDT" finished-at="2020-03-09T15:54:42 PDT">
          <reporter-output>
          </reporter-output>
        </test-method> <!-- BrowserInitialize -->
      </class> <!-- sample.InitializeDriver -->
    </test> <!-- Default test -->
  </suite> <!-- Default suite -->
</testng-results>
